<?xml version="1.0" encoding="UTF-8"?>
<!-- Generated by org.testng.reporters.JUnitReportReporter -->
<testsuite hostname="DESKTOP-KC8P2PH" failures="0" tests="3" name="com.TestClass.LoginPageTC1" time="6.376" errors="0" timestamp="2022-09-17T12:57:34 IST" skipped="0">
  <testcase classname="com.TestClass.LoginPageTC1" name="text1test" time="1.239"/>
  <system-out/>
  <testcase classname="com.TestClass.LoginPageTC1" name="text2test" time="0.070"/>
  <system-out/>
  <testcase classname="com.TestClass.LoginPageTC1" name="login" time="5.067"/>
  <system-out/>
</testsuite> <!-- com.TestClass.LoginPageTC1 -->
